<?xml version="1.0" encoding="UTF-8"?>
<coverage generated="1669791536211" clover="3.2.0">
  <project timestamp="1669791536211" name="All files">
    <metrics statements="108" coveredstatements="93" conditionals="50" coveredconditionals="40" methods="32" coveredmethods="21" elements="190" coveredelements="154" complexity="0" loc="108" ncloc="108" packages="4" files="8" classes="8"/>
    <package name="src">
      <metrics statements="16" coveredstatements="16" conditionals="0" coveredconditionals="0" methods="1" coveredmethods="1"/>
      <file name="App.css" path="/home/lucas/Documentos/Projetos/Frontend/sd-025-b-project-starwars-planets-search/src/App.css">
        <metrics statements="1" coveredstatements="1" conditionals="0" coveredconditionals="0" methods="0" coveredmethods="0"/>
        <line num="1" count="2" type="stmt"/>
      </file>
      <file name="App.js" path="/home/lucas/Documentos/Projetos/Frontend/sd-025-b-project-starwars-planets-search/src/App.js">
        <metrics statements="15" coveredstatements="15" conditionals="0" coveredconditionals="0" methods="1" coveredmethods="1"/>
        <line num="9" count="86" type="stmt"/>
        <line num="10" count="86" type="stmt"/>
        <line num="11" count="86" type="stmt"/>
        <line num="12" count="86" type="stmt"/>
        <line num="13" count="86" type="stmt"/>
        <line num="14" count="86" type="stmt"/>
        <line num="15" count="86" type="stmt"/>
        <line num="16" count="86" type="stmt"/>
        <line num="17" count="86" type="stmt"/>
        <line num="18" count="86" type="stmt"/>
        <line num="19" count="86" type="stmt"/>
        <line num="20" count="86" type="stmt"/>
        <line num="21" count="86" type="stmt"/>
        <line num="22" count="86" type="stmt"/>
        <line num="24" count="86" type="stmt"/>
      </file>
    </package>
    <package name="src.Components">
      <metrics statements="89" coveredstatements="74" conditionals="50" coveredconditionals="40" methods="31" coveredmethods="20"/>
      <file name="Footer.js" path="/home/lucas/Documentos/Projetos/Frontend/sd-025-b-project-starwars-planets-search/src/Components/Footer.js">
        <metrics statements="1" coveredstatements="1" conditionals="0" coveredconditionals="0" methods="1" coveredmethods="1"/>
        <line num="4" count="78" type="stmt"/>
      </file>
      <file name="Header.js" path="/home/lucas/Documentos/Projetos/Frontend/sd-025-b-project-starwars-planets-search/src/Components/Header.js">
        <metrics statements="1" coveredstatements="1" conditionals="0" coveredconditionals="0" methods="1" coveredmethods="1"/>
        <line num="4" count="78" type="stmt"/>
      </file>
      <file name="Order.js" path="/home/lucas/Documentos/Projetos/Frontend/sd-025-b-project-starwars-planets-search/src/Components/Order.js">
        <metrics statements="11" coveredstatements="6" conditionals="2" coveredconditionals="0" methods="6" coveredmethods="1"/>
        <line num="6" count="78" type="stmt"/>
        <line num="7" count="78" type="stmt"/>
        <line num="8" count="78" type="stmt"/>
        <line num="9" count="78" type="stmt"/>
        <line num="155" count="78" type="stmt"/>
        <line num="156" count="0" type="cond" truecount="0" falsecount="2"/>
        <line num="158" count="78" type="stmt"/>
        <line num="165" count="0" type="stmt"/>
        <line num="166" count="0" type="stmt"/>
        <line num="183" count="0" type="stmt"/>
        <line num="194" count="0" type="stmt"/>
      </file>
      <file name="Table.js" path="/home/lucas/Documentos/Projetos/Frontend/sd-025-b-project-starwars-planets-search/src/Components/Table.js">
        <metrics statements="76" coveredstatements="66" conditionals="48" coveredconditionals="40" methods="23" coveredmethods="17"/>
        <line num="10" count="78" type="stmt"/>
        <line num="12" count="78" type="stmt"/>
        <line num="13" count="15" type="stmt"/>
        <line num="15" count="14" type="cond" truecount="2" falsecount="0"/>
        <line num="16" count="4" type="stmt"/>
        <line num="19" count="4" type="stmt"/>
        <line num="20" count="4" type="stmt"/>
        <line num="23" count="10" type="stmt"/>
        <line num="27" count="78" type="stmt"/>
        <line num="28" count="9" type="cond" truecount="2" falsecount="0"/>
        <line num="29" count="3" type="stmt"/>
        <line num="30" count="6" type="cond" truecount="2" falsecount="0"/>
        <line num="31" count="1" type="stmt"/>
        <line num="32" count="5" type="cond" truecount="2" falsecount="0"/>
        <line num="33" count="2" type="stmt"/>
        <line num="34" count="3" type="cond" truecount="2" falsecount="0"/>
        <line num="35" count="1" type="stmt"/>
        <line num="36" count="9" type="stmt"/>
        <line num="38" count="78" type="stmt"/>
        <line num="39" count="9" type="cond" truecount="2" falsecount="0"/>
        <line num="40" count="4" type="cond" truecount="2" falsecount="0"/>
        <line num="41" count="0" type="stmt"/>
        <line num="42" count="5" type="cond" truecount="2" falsecount="0"/>
        <line num="43" count="4" type="cond" truecount="2" falsecount="0"/>
        <line num="44" count="0" type="stmt"/>
        <line num="46" count="1" type="cond" truecount="2" falsecount="0"/>
        <line num="47" count="0" type="stmt"/>
        <line num="48" count="9" type="stmt"/>
        <line num="49" count="9" type="stmt"/>
        <line num="50" count="9" type="cond" truecount="2" falsecount="0"/>
        <line num="52" count="78" type="stmt"/>
        <line num="53" count="1" type="stmt"/>
        <line num="54" count="1" type="stmt"/>
        <line num="55" count="1" type="stmt"/>
        <line num="56" count="1" type="stmt"/>
        <line num="57" count="1" type="stmt"/>
        <line num="58" count="1" type="stmt"/>
        <line num="59" count="1" type="stmt"/>
        <line num="60" count="1" type="stmt"/>
        <line num="61" count="1" type="stmt"/>
        <line num="62" count="1" type="stmt"/>
        <line num="64" count="78" type="stmt"/>
        <line num="65" count="5" type="stmt"/>
        <line num="66" count="5" type="stmt"/>
        <line num="67" count="5" type="stmt"/>
        <line num="68" count="5" type="stmt"/>
        <line num="69" count="5" type="stmt"/>
        <line num="70" count="5" type="cond" truecount="1" falsecount="1"/>
        <line num="71" count="5" type="cond" truecount="2" falsecount="0"/>
        <line num="72" count="1" type="stmt"/>
        <line num="73" count="4" type="cond" truecount="2" falsecount="0"/>
        <line num="74" count="1" type="stmt"/>
        <line num="75" count="3" type="cond" truecount="2" falsecount="0"/>
        <line num="76" count="1" type="stmt"/>
        <line num="77" count="2" type="cond" truecount="2" falsecount="0"/>
        <line num="78" count="1" type="stmt"/>
        <line num="79" count="1" type="stmt"/>
        <line num="80" count="5" type="cond" truecount="1" falsecount="1"/>
        <line num="81" count="5" type="stmt"/>
        <line num="82" count="0" type="cond" truecount="0" falsecount="2"/>
        <line num="83" count="0" type="stmt"/>
        <line num="84" count="0" type="cond" truecount="0" falsecount="2"/>
        <line num="85" count="0" type="stmt"/>
        <line num="86" count="0" type="cond" truecount="0" falsecount="2"/>
        <line num="87" count="0" type="stmt"/>
        <line num="88" count="0" type="stmt"/>
        <line num="89" count="5" type="stmt"/>
        <line num="91" count="78" type="stmt"/>
        <line num="99" count="7" type="stmt"/>
        <line num="125" count="9" type="stmt"/>
        <line num="126" count="18" type="stmt"/>
        <line num="141" count="9" type="stmt"/>
        <line num="153" count="26" type="stmt"/>
        <line num="160" count="34" type="stmt"/>
        <line num="190" count="20" type="cond" truecount="2" falsecount="0"/>
        <line num="192" count="12" type="stmt"/>
      </file>
    </package>
    <package name="src.context">
      <metrics statements="1" coveredstatements="1" conditionals="0" coveredconditionals="0" methods="0" coveredmethods="0"/>
      <file name="ThemeContext.js" path="/home/lucas/Documentos/Projetos/Frontend/sd-025-b-project-starwars-planets-search/src/context/ThemeContext.js">
        <metrics statements="1" coveredstatements="1" conditionals="0" coveredconditionals="0" methods="0" coveredmethods="0"/>
        <line num="3" count="2" type="stmt"/>
      </file>
    </package>
    <package name="src.tests.Helpers">
      <metrics statements="2" coveredstatements="2" conditionals="0" coveredconditionals="0" methods="0" coveredmethods="0"/>
      <file name="Mock.js" path="/home/lucas/Documentos/Projetos/Frontend/sd-025-b-project-starwars-planets-search/src/tests/Helpers/Mock.js">
        <metrics statements="2" coveredstatements="2" conditionals="0" coveredconditionals="0" methods="0" coveredmethods="0"/>
        <line num="1" count="2" type="stmt"/>
        <line num="238" count="2" type="stmt"/>
      </file>
    </package>
  </project>
</coverage>
