{"/home/lucas/Documentos/Projetos/Frontend/sd-025-b-project-starwars-planets-search/src/App.css": {"path":"/home/lucas/Documentos/Projetos/Frontend/sd-025-b-project-starwars-planets-search/src/App.css","statementMap":{"0":{"start":{"line":1,"column":0},"end":{"line":1,"column":20}}},"fnMap":{},"branchMap":{},"s":{"0":2},"f":{},"b":{},"inputSourceMap":null,"_coverageSchema":"1a1c01bbd47fc00a2c39e90264f33305004495a9","hash":"74d9ac90681fcbf4a69f7914202e6f7440078e81"}
,"/home/lucas/Documentos/Projetos/Frontend/sd-025-b-project-starwars-planets-search/src/App.js": {"path":"/home/lucas/Documentos/Projetos/Frontend/sd-025-b-project-starwars-planets-search/src/App.js","statementMap":{"0":{"start":{"line":9,"column":26},"end":{"line":9,"column":38}},"1":{"start":{"line":10,"column":24},"end":{"line":10,"column":46}},"2":{"start":{"line":11,"column":28},"end":{"line":11,"column":40}},"3":{"start":{"line":12,"column":26},"end":{"line":12,"column":37}},"4":{"start":{"line":13,"column":22},"end":{"line":13,"column":43}},"5":{"start":{"line":14,"column":24},"end":{"line":14,"column":38}},"6":{"start":{"line":15,"column":26},"end":{"line":15,"column":82}},"7":{"start":{"line":16,"column":24},"end":{"line":16,"column":88}},"8":{"start":{"line":17,"column":26},"end":{"line":17,"column":78}},"9":{"start":{"line":18,"column":23},"end":{"line":18,"column":89}},"10":{"start":{"line":19,"column":24},"end":{"line":19,"column":86}},"11":{"start":{"line":20,"column":38},"end":{"line":20,"column":53}},"12":{"start":{"line":21,"column":39},"end":{"line":21,"column":54}},"13":{"start":{"line":22,"column":30},"end":{"line":22,"column":42}},"14":{"start":{"line":24,"column":2},"end":{"line":62,"column":4}}},"fnMap":{"0":{"name":"App","decl":{"start":{"line":8,"column":9},"end":{"line":8,"column":12}},"loc":{"start":{"line":8,"column":15},"end":{"line":63,"column":1}},"line":8}},"branchMap":{},"s":{"0":86,"1":86,"2":86,"3":86,"4":86,"5":86,"6":86,"7":86,"8":86,"9":86,"10":86,"11":86,"12":86,"13":86,"14":86},"f":{"0":86},"b":{},"_coverageSchema":"1a1c01bbd47fc00a2c39e90264f33305004495a9","hash":"caeb3c4874f0851a7e56d88952ae69700455da36"}
,"/home/lucas/Documentos/Projetos/Frontend/sd-025-b-project-starwars-planets-search/src/Components/Footer.js": {"path":"/home/lucas/Documentos/Projetos/Frontend/sd-025-b-project-starwars-planets-search/src/Components/Footer.js","statementMap":{"0":{"start":{"line":4,"column":2},"end":{"line":8,"column":4}}},"fnMap":{"0":{"name":"Footer","decl":{"start":{"line":3,"column":9},"end":{"line":3,"column":15}},"loc":{"start":{"line":3,"column":18},"end":{"line":9,"column":1}},"line":3}},"branchMap":{},"s":{"0":78},"f":{"0":78},"b":{},"_coverageSchema":"1a1c01bbd47fc00a2c39e90264f33305004495a9","hash":"5d1008493ef85559f02a355db8c6ae97619ecdb3"}
,"/home/lucas/Documentos/Projetos/Frontend/sd-025-b-project-starwars-planets-search/src/Components/Header.js": {"path":"/home/lucas/Documentos/Projetos/Frontend/sd-025-b-project-starwars-planets-search/src/Components/Header.js","statementMap":{"0":{"start":{"line":4,"column":2},"end":{"line":8,"column":4}}},"fnMap":{"0":{"name":"Header","decl":{"start":{"line":3,"column":9},"end":{"line":3,"column":15}},"loc":{"start":{"line":3,"column":18},"end":{"line":9,"column":1}},"line":3}},"branchMap":{},"s":{"0":78},"f":{"0":78},"b":{},"_coverageSchema":"1a1c01bbd47fc00a2c39e90264f33305004495a9","hash":"1f54c5fb6bde804be188b23bdbf9b4aa276c71e2"}
,"/home/lucas/Documentos/Projetos/Frontend/sd-025-b-project-starwars-planets-search/src/Components/Order.js": {"path":"/home/lucas/Documentos/Projetos/Frontend/sd-025-b-project-starwars-planets-search/src/Components/Order.js","statementMap":{"0":{"start":{"line":6,"column":6},"end":{"line":6,"column":30}},"1":{"start":{"line":7,"column":28},"end":{"line":7,"column":50}},"2":{"start":{"line":8,"column":34},"end":{"line":8,"column":44}},"3":{"start":{"line":9,"column":34},"end":{"line":9,"column":48}},"4":{"start":{"line":155,"column":21},"end":{"line":157,"column":3}},"5":{"start":{"line":156,"column":4},"end":{"line":156,"column":56}},"6":{"start":{"line":156,"column":31},"end":{"line":156,"column":38}},"7":{"start":{"line":156,"column":48},"end":{"line":156,"column":54}},"8":{"start":{"line":156,"column":57},"end":{"line":156,"column":75}},"9":{"start":{"line":158,"column":2},"end":{"line":206,"column":4}},"10":{"start":{"line":165,"column":39},"end":{"line":165,"column":62}},"11":{"start":{"line":166,"column":38},"end":{"line":166,"column":61}},"12":{"start":{"line":166,"column":62},"end":{"line":166,"column":81}},"13":{"start":{"line":183,"column":36},"end":{"line":183,"column":61}},"14":{"start":{"line":194,"column":36},"end":{"line":194,"column":61}}},"fnMap":{"0":{"name":"Order","decl":{"start":{"line":4,"column":9},"end":{"line":4,"column":14}},"loc":{"start":{"line":4,"column":17},"end":{"line":207,"column":1}},"line":4},"1":{"name":"(anonymous_1)","decl":{"start":{"line":155,"column":21},"end":{"line":155,"column":22}},"loc":{"start":{"line":155,"column":27},"end":{"line":157,"column":3}},"line":155},"2":{"name":"(anonymous_2)","decl":{"start":{"line":165,"column":21},"end":{"line":165,"column":22}},"loc":{"start":{"line":165,"column":37},"end":{"line":165,"column":64}},"line":165},"3":{"name":"(anonymous_3)","decl":{"start":{"line":166,"column":20},"end":{"line":166,"column":21}},"loc":{"start":{"line":166,"column":36},"end":{"line":166,"column":83}},"line":166},"4":{"name":"(anonymous_4)","decl":{"start":{"line":183,"column":20},"end":{"line":183,"column":21}},"loc":{"start":{"line":183,"column":36},"end":{"line":183,"column":61}},"line":183},"5":{"name":"(anonymous_5)","decl":{"start":{"line":194,"column":20},"end":{"line":194,"column":21}},"loc":{"start":{"line":194,"column":36},"end":{"line":194,"column":61}},"line":194}},"branchMap":{"0":{"loc":{"start":{"line":156,"column":4},"end":{"line":156,"column":56}},"type":"if","locations":[{"start":{"line":156,"column":4},"end":{"line":156,"column":56}},{"start":{"line":156,"column":46},"end":{"line":156,"column":56}}],"line":156}},"s":{"0":78,"1":78,"2":78,"3":78,"4":78,"5":0,"6":0,"7":0,"8":0,"9":78,"10":0,"11":0,"12":0,"13":0,"14":0},"f":{"0":78,"1":0,"2":0,"3":0,"4":0,"5":0},"b":{"0":[0,0]},"_coverageSchema":"1a1c01bbd47fc00a2c39e90264f33305004495a9","hash":"5e7e2233d971997c132af674e51fffd0f320fb13"}
,"/home/lucas/Documentos/Projetos/Frontend/sd-025-b-project-starwars-planets-search/src/Components/Table.js": {"path":"/home/lucas/Documentos/Projetos/Frontend/sd-025-b-project-starwars-planets-search/src/Components/Table.js","statementMap":{"0":{"start":{"line":10,"column":26},"end":{"line":10,"column":50}},"1":{"start":{"line":12,"column":2},"end":{"line":26,"column":9}},"2":{"start":{"line":13,"column":4},"end":{"line":25,"column":9}},"3":{"start":{"line":15,"column":8},"end":{"line":15,"column":59}},"4":{"start":{"line":15,"column":28},"end":{"line":15,"column":57}},"5":{"start":{"line":16,"column":8},"end":{"line":16,"column":31}},"6":{"start":{"line":19,"column":8},"end":{"line":19,"column":38}},"7":{"start":{"line":20,"column":8},"end":{"line":20,"column":39}},"8":{"start":{"line":23,"column":8},"end":{"line":23,"column":34}},"9":{"start":{"line":27,"column":21},"end":{"line":37,"column":3}},"10":{"start":{"line":28,"column":4},"end":{"line":36,"column":26}},"11":{"start":{"line":29,"column":6},"end":{"line":29,"column":18}},"12":{"start":{"line":30,"column":11},"end":{"line":36,"column":26}},"13":{"start":{"line":31,"column":6},"end":{"line":31,"column":17}},"14":{"start":{"line":32,"column":11},"end":{"line":36,"column":26}},"15":{"start":{"line":33,"column":6},"end":{"line":33,"column":18}},"16":{"start":{"line":34,"column":11},"end":{"line":36,"column":26}},"17":{"start":{"line":35,"column":6},"end":{"line":35,"column":16}},"18":{"start":{"line":36,"column":13},"end":{"line":36,"column":24}},"19":{"start":{"line":36,"column":27},"end":{"line":36,"column":47}},"20":{"start":{"line":38,"column":22},"end":{"line":51,"column":3}},"21":{"start":{"line":39,"column":4},"end":{"line":48,"column":5}},"22":{"start":{"line":40,"column":6},"end":{"line":41,"column":71}},"23":{"start":{"line":40,"column":66},"end":{"line":41,"column":24}},"24":{"start":{"line":41,"column":43},"end":{"line":41,"column":67}},"25":{"start":{"line":42,"column":11},"end":{"line":48,"column":5}},"26":{"start":{"line":43,"column":6},"end":{"line":44,"column":71}},"27":{"start":{"line":43,"column":66},"end":{"line":44,"column":24}},"28":{"start":{"line":44,"column":43},"end":{"line":44,"column":67}},"29":{"start":{"line":46,"column":6},"end":{"line":47,"column":81}},"30":{"start":{"line":46,"column":66},"end":{"line":47,"column":24}},"31":{"start":{"line":47,"column":43},"end":{"line":47,"column":77}},"32":{"start":{"line":48,"column":6},"end":{"line":48,"column":19}},"33":{"start":{"line":48,"column":20},"end":{"line":48,"column":67}},"34":{"start":{"line":49,"column":14},"end":{"line":49,"column":64}},"35":{"start":{"line":49,"column":76},"end":{"line":49,"column":84}},"36":{"start":{"line":50,"column":4},"end":{"line":50,"column":45}},"37":{"start":{"line":50,"column":18},"end":{"line":50,"column":43}},"38":{"start":{"line":50,"column":46},"end":{"line":50,"column":66}},"39":{"start":{"line":52,"column":23},"end":{"line":63,"column":3}},"40":{"start":{"line":53,"column":4},"end":{"line":53,"column":15}},"41":{"start":{"line":53,"column":16},"end":{"line":53,"column":36}},"42":{"start":{"line":53,"column":37},"end":{"line":53,"column":52}},"43":{"start":{"line":54,"column":4},"end":{"line":54,"column":64}},"44":{"start":{"line":55,"column":4},"end":{"line":55,"column":73}},"45":{"start":{"line":56,"column":4},"end":{"line":56,"column":71}},"46":{"start":{"line":57,"column":4},"end":{"line":57,"column":60}},"47":{"start":{"line":58,"column":4},"end":{"line":58,"column":67}},"48":{"start":{"line":59,"column":4},"end":{"line":59,"column":56}},"49":{"start":{"line":60,"column":4},"end":{"line":60,"column":68}},"50":{"start":{"line":61,"column":4},"end":{"line":61,"column":65}},"51":{"start":{"line":62,"column":4},"end":{"line":62,"column":65}},"52":{"start":{"line":64,"column":24},"end":{"line":90,"column":3}},"53":{"start":{"line":65,"column":14},"end":{"line":65,"column":64}},"54":{"start":{"line":66,"column":20},"end":{"line":66,"column":65}},"55":{"start":{"line":67,"column":18},"end":{"line":67,"column":19}},"56":{"start":{"line":67,"column":34},"end":{"line":67,"column":35}},"57":{"start":{"line":67,"column":50},"end":{"line":67,"column":51}},"58":{"start":{"line":67,"column":63},"end":{"line":67,"column":71}},"59":{"start":{"line":68,"column":25},"end":{"line":68,"column":53}},"60":{"start":{"line":69,"column":17},"end":{"line":69,"column":55}},"61":{"start":{"line":70,"column":4},"end":{"line":70,"column":46}},"62":{"start":{"line":70,"column":18},"end":{"line":70,"column":44}},"63":{"start":{"line":70,"column":47},"end":{"line":70,"column":67}},"64":{"start":{"line":71,"column":4},"end":{"line":79,"column":76}},"65":{"start":{"line":72,"column":6},"end":{"line":72,"column":62}},"66":{"start":{"line":73,"column":11},"end":{"line":79,"column":76}},"67":{"start":{"line":74,"column":6},"end":{"line":74,"column":69}},"68":{"start":{"line":75,"column":11},"end":{"line":79,"column":76}},"69":{"start":{"line":76,"column":6},"end":{"line":76,"column":58}},"70":{"start":{"line":77,"column":11},"end":{"line":79,"column":76}},"71":{"start":{"line":78,"column":6},"end":{"line":78,"column":70}},"72":{"start":{"line":79,"column":13},"end":{"line":79,"column":74}},"73":{"start":{"line":80,"column":4},"end":{"line":88,"column":43}},"74":{"start":{"line":81,"column":6},"end":{"line":81,"column":31}},"75":{"start":{"line":82,"column":11},"end":{"line":88,"column":43}},"76":{"start":{"line":83,"column":6},"end":{"line":83,"column":31}},"77":{"start":{"line":84,"column":11},"end":{"line":88,"column":43}},"78":{"start":{"line":85,"column":6},"end":{"line":85,"column":35}},"79":{"start":{"line":86,"column":11},"end":{"line":88,"column":43}},"80":{"start":{"line":87,"column":6},"end":{"line":87,"column":34}},"81":{"start":{"line":88,"column":13},"end":{"line":88,"column":41}},"82":{"start":{"line":89,"column":4},"end":{"line":89,"column":31}},"83":{"start":{"line":91,"column":2},"end":{"line":210,"column":4}},"84":{"start":{"line":99,"column":39},"end":{"line":99,"column":62}},"85":{"start":{"line":125,"column":41},"end":{"line":125,"column":62}},"86":{"start":{"line":126,"column":40},"end":{"line":126,"column":61}},"87":{"start":{"line":126,"column":62},"end":{"line":126,"column":83}},"88":{"start":{"line":141,"column":41},"end":{"line":141,"column":61}},"89":{"start":{"line":153,"column":37},"end":{"line":153,"column":58}},"90":{"start":{"line":160,"column":12},"end":{"line":165,"column":18}},"91":{"start":{"line":190,"column":58},"end":{"line":190,"column":80}},"92":{"start":{"line":192,"column":16},"end":{"line":206,"column":21}}},"fnMap":{"0":{"name":"Table","decl":{"start":{"line":5,"column":9},"end":{"line":5,"column":14}},"loc":{"start":{"line":5,"column":17},"end":{"line":211,"column":1}},"line":5},"1":{"name":"(anonymous_1)","decl":{"start":{"line":12,"column":12},"end":{"line":12,"column":13}},"loc":{"start":{"line":12,"column":18},"end":{"line":26,"column":3}},"line":12},"2":{"name":"(anonymous_2)","decl":{"start":{"line":14,"column":12},"end":{"line":14,"column":13}},"loc":{"start":{"line":14,"column":26},"end":{"line":17,"column":7}},"line":14},"3":{"name":"(anonymous_3)","decl":{"start":{"line":18,"column":12},"end":{"line":18,"column":13}},"loc":{"start":{"line":18,"column":30},"end":{"line":21,"column":7}},"line":18},"4":{"name":"(anonymous_4)","decl":{"start":{"line":22,"column":13},"end":{"line":22,"column":14}},"loc":{"start":{"line":22,"column":23},"end":{"line":25,"column":7}},"line":22},"5":{"name":"(anonymous_5)","decl":{"start":{"line":27,"column":21},"end":{"line":27,"column":22}},"loc":{"start":{"line":27,"column":27},"end":{"line":37,"column":3}},"line":27},"6":{"name":"(anonymous_6)","decl":{"start":{"line":38,"column":22},"end":{"line":38,"column":23}},"loc":{"start":{"line":38,"column":28},"end":{"line":51,"column":3}},"line":38},"7":{"name":"(anonymous_7)","decl":{"start":{"line":40,"column":57},"end":{"line":40,"column":58}},"loc":{"start":{"line":40,"column":66},"end":{"line":41,"column":24}},"line":40},"8":{"name":"(anonymous_8)","decl":{"start":{"line":41,"column":33},"end":{"line":41,"column":34}},"loc":{"start":{"line":41,"column":43},"end":{"line":41,"column":67}},"line":41},"9":{"name":"(anonymous_9)","decl":{"start":{"line":43,"column":57},"end":{"line":43,"column":58}},"loc":{"start":{"line":43,"column":66},"end":{"line":44,"column":24}},"line":43},"10":{"name":"(anonymous_10)","decl":{"start":{"line":44,"column":33},"end":{"line":44,"column":34}},"loc":{"start":{"line":44,"column":43},"end":{"line":44,"column":67}},"line":44},"11":{"name":"(anonymous_11)","decl":{"start":{"line":46,"column":57},"end":{"line":46,"column":58}},"loc":{"start":{"line":46,"column":66},"end":{"line":47,"column":24}},"line":46},"12":{"name":"(anonymous_12)","decl":{"start":{"line":47,"column":33},"end":{"line":47,"column":34}},"loc":{"start":{"line":47,"column":43},"end":{"line":47,"column":77}},"line":47},"13":{"name":"(anonymous_13)","decl":{"start":{"line":52,"column":23},"end":{"line":52,"column":24}},"loc":{"start":{"line":52,"column":29},"end":{"line":63,"column":3}},"line":52},"14":{"name":"(anonymous_14)","decl":{"start":{"line":64,"column":24},"end":{"line":64,"column":25}},"loc":{"start":{"line":64,"column":40},"end":{"line":90,"column":3}},"line":64},"15":{"name":"(anonymous_15)","decl":{"start":{"line":99,"column":21},"end":{"line":99,"column":22}},"loc":{"start":{"line":99,"column":37},"end":{"line":99,"column":64}},"line":99},"16":{"name":"(anonymous_16)","decl":{"start":{"line":125,"column":23},"end":{"line":125,"column":24}},"loc":{"start":{"line":125,"column":39},"end":{"line":125,"column":64}},"line":125},"17":{"name":"(anonymous_17)","decl":{"start":{"line":126,"column":22},"end":{"line":126,"column":23}},"loc":{"start":{"line":126,"column":38},"end":{"line":126,"column":85}},"line":126},"18":{"name":"(anonymous_18)","decl":{"start":{"line":141,"column":23},"end":{"line":141,"column":24}},"loc":{"start":{"line":141,"column":39},"end":{"line":141,"column":63}},"line":141},"19":{"name":"(anonymous_19)","decl":{"start":{"line":153,"column":21},"end":{"line":153,"column":22}},"loc":{"start":{"line":153,"column":37},"end":{"line":153,"column":58}},"line":153},"20":{"name":"(anonymous_20)","decl":{"start":{"line":159,"column":36},"end":{"line":159,"column":37}},"loc":{"start":{"line":160,"column":12},"end":{"line":165,"column":18}},"line":160},"21":{"name":"(anonymous_21)","decl":{"start":{"line":190,"column":51},"end":{"line":190,"column":52}},"loc":{"start":{"line":190,"column":58},"end":{"line":190,"column":80}},"line":190},"22":{"name":"(anonymous_22)","decl":{"start":{"line":191,"column":19},"end":{"line":191,"column":20}},"loc":{"start":{"line":192,"column":16},"end":{"line":206,"column":21}},"line":192}},"branchMap":{"0":{"loc":{"start":{"line":15,"column":8},"end":{"line":15,"column":59}},"type":"if","locations":[{"start":{"line":15,"column":8},"end":{"line":15,"column":59}},{"start":{},"end":{}}],"line":15},"1":{"loc":{"start":{"line":28,"column":4},"end":{"line":36,"column":26}},"type":"if","locations":[{"start":{"line":28,"column":4},"end":{"line":36,"column":26}},{"start":{"line":30,"column":11},"end":{"line":36,"column":26}}],"line":28},"2":{"loc":{"start":{"line":30,"column":11},"end":{"line":36,"column":26}},"type":"if","locations":[{"start":{"line":30,"column":11},"end":{"line":36,"column":26}},{"start":{"line":32,"column":11},"end":{"line":36,"column":26}}],"line":30},"3":{"loc":{"start":{"line":32,"column":11},"end":{"line":36,"column":26}},"type":"if","locations":[{"start":{"line":32,"column":11},"end":{"line":36,"column":26}},{"start":{"line":34,"column":11},"end":{"line":36,"column":26}}],"line":32},"4":{"loc":{"start":{"line":34,"column":11},"end":{"line":36,"column":26}},"type":"if","locations":[{"start":{"line":34,"column":11},"end":{"line":36,"column":26}},{"start":{"line":36,"column":11},"end":{"line":36,"column":26}}],"line":34},"5":{"loc":{"start":{"line":39,"column":4},"end":{"line":48,"column":5}},"type":"if","locations":[{"start":{"line":39,"column":4},"end":{"line":48,"column":5}},{"start":{"line":42,"column":11},"end":{"line":48,"column":5}}],"line":39},"6":{"loc":{"start":{"line":40,"column":23},"end":{"line":40,"column":48}},"type":"binary-expr","locations":[{"start":{"line":40,"column":23},"end":{"line":40,"column":42}},{"start":{"line":40,"column":46},"end":{"line":40,"column":48}}],"line":40},"7":{"loc":{"start":{"line":42,"column":11},"end":{"line":48,"column":5}},"type":"if","locations":[{"start":{"line":42,"column":11},"end":{"line":48,"column":5}},{"start":{"line":45,"column":11},"end":{"line":48,"column":5}}],"line":42},"8":{"loc":{"start":{"line":43,"column":23},"end":{"line":43,"column":48}},"type":"binary-expr","locations":[{"start":{"line":43,"column":23},"end":{"line":43,"column":42}},{"start":{"line":43,"column":46},"end":{"line":43,"column":48}}],"line":43},"9":{"loc":{"start":{"line":46,"column":23},"end":{"line":46,"column":48}},"type":"binary-expr","locations":[{"start":{"line":46,"column":23},"end":{"line":46,"column":42}},{"start":{"line":46,"column":46},"end":{"line":46,"column":48}}],"line":46},"10":{"loc":{"start":{"line":50,"column":4},"end":{"line":50,"column":45}},"type":"if","locations":[{"start":{"line":50,"column":4},"end":{"line":50,"column":45}},{"start":{},"end":{}}],"line":50},"11":{"loc":{"start":{"line":70,"column":4},"end":{"line":70,"column":46}},"type":"if","locations":[{"start":{"line":70,"column":4},"end":{"line":70,"column":46}},{"start":{},"end":{}}],"line":70},"12":{"loc":{"start":{"line":71,"column":4},"end":{"line":79,"column":76}},"type":"if","locations":[{"start":{"line":71,"column":4},"end":{"line":79,"column":76}},{"start":{"line":73,"column":11},"end":{"line":79,"column":76}}],"line":71},"13":{"loc":{"start":{"line":73,"column":11},"end":{"line":79,"column":76}},"type":"if","locations":[{"start":{"line":73,"column":11},"end":{"line":79,"column":76}},{"start":{"line":75,"column":11},"end":{"line":79,"column":76}}],"line":73},"14":{"loc":{"start":{"line":75,"column":11},"end":{"line":79,"column":76}},"type":"if","locations":[{"start":{"line":75,"column":11},"end":{"line":79,"column":76}},{"start":{"line":77,"column":11},"end":{"line":79,"column":76}}],"line":75},"15":{"loc":{"start":{"line":77,"column":11},"end":{"line":79,"column":76}},"type":"if","locations":[{"start":{"line":77,"column":11},"end":{"line":79,"column":76}},{"start":{"line":79,"column":11},"end":{"line":79,"column":76}}],"line":77},"16":{"loc":{"start":{"line":80,"column":4},"end":{"line":88,"column":43}},"type":"if","locations":[{"start":{"line":80,"column":4},"end":{"line":88,"column":43}},{"start":{"line":82,"column":11},"end":{"line":88,"column":43}}],"line":80},"17":{"loc":{"start":{"line":82,"column":11},"end":{"line":88,"column":43}},"type":"if","locations":[{"start":{"line":82,"column":11},"end":{"line":88,"column":43}},{"start":{"line":84,"column":11},"end":{"line":88,"column":43}}],"line":82},"18":{"loc":{"start":{"line":84,"column":11},"end":{"line":88,"column":43}},"type":"if","locations":[{"start":{"line":84,"column":11},"end":{"line":88,"column":43}},{"start":{"line":86,"column":11},"end":{"line":88,"column":43}}],"line":84},"19":{"loc":{"start":{"line":86,"column":11},"end":{"line":88,"column":43}},"type":"if","locations":[{"start":{"line":86,"column":11},"end":{"line":88,"column":43}},{"start":{"line":88,"column":11},"end":{"line":88,"column":43}}],"line":86},"20":{"loc":{"start":{"line":159,"column":12},"end":{"line":166,"column":19}},"type":"cond-expr","locations":[{"start":{"line":159,"column":25},"end":{"line":166,"column":12}},{"start":{"line":166,"column":15},"end":{"line":166,"column":19}}],"line":159},"21":{"loc":{"start":{"line":169,"column":8},"end":{"line":169,"column":75}},"type":"cond-expr","locations":[{"start":{"line":169,"column":45},"end":{"line":169,"column":65}},{"start":{"line":169,"column":70},"end":{"line":169,"column":74}}],"line":169},"22":{"loc":{"start":{"line":189,"column":12},"end":{"line":206,"column":25}},"type":"cond-expr","locations":[{"start":{"line":189,"column":49},"end":{"line":189,"column":53}},{"start":{"line":190,"column":16},"end":{"line":206,"column":23}}],"line":189},"23":{"loc":{"start":{"line":190,"column":17},"end":{"line":190,"column":42}},"type":"binary-expr","locations":[{"start":{"line":190,"column":17},"end":{"line":190,"column":36}},{"start":{"line":190,"column":40},"end":{"line":190,"column":42}}],"line":190}},"s":{"0":78,"1":78,"2":15,"3":14,"4":10,"5":4,"6":4,"7":4,"8":10,"9":78,"10":9,"11":3,"12":6,"13":1,"14":5,"15":2,"16":3,"17":1,"18":2,"19":9,"20":78,"21":9,"22":4,"23":0,"24":0,"25":5,"26":4,"27":0,"28":0,"29":1,"30":0,"31":0,"32":9,"33":9,"34":9,"35":9,"36":9,"37":2,"38":9,"39":78,"40":1,"41":1,"42":1,"43":1,"44":1,"45":1,"46":1,"47":1,"48":1,"49":1,"50":1,"51":1,"52":78,"53":5,"54":5,"55":5,"56":5,"57":5,"58":5,"59":5,"60":5,"61":5,"62":0,"63":5,"64":5,"65":1,"66":4,"67":1,"68":3,"69":1,"70":2,"71":1,"72":1,"73":5,"74":5,"75":0,"76":0,"77":0,"78":0,"79":0,"80":0,"81":0,"82":5,"83":78,"84":7,"85":9,"86":18,"87":18,"88":9,"89":26,"90":34,"91":20,"92":12},"f":{"0":78,"1":15,"2":14,"3":4,"4":10,"5":9,"6":9,"7":0,"8":0,"9":0,"10":0,"11":0,"12":0,"13":1,"14":5,"15":7,"16":9,"17":18,"18":9,"19":26,"20":34,"21":20,"22":12},"b":{"0":[10,4],"1":[3,6],"2":[1,5],"3":[2,3],"4":[1,2],"5":[4,5],"6":[4,4],"7":[4,1],"8":[4,2],"9":[1,1],"10":[2,7],"11":[0,5],"12":[1,4],"13":[1,3],"14":[1,2],"15":[1,1],"16":[5,0],"17":[0,0],"18":[0,0],"19":[0,0],"20":[31,47],"21":[45,33],"22":[45,33],"23":[33,1]},"_coverageSchema":"1a1c01bbd47fc00a2c39e90264f33305004495a9","hash":"eeb0bc11851ef0d8fb2a18d0974f11571c24bd49"}
,"/home/lucas/Documentos/Projetos/Frontend/sd-025-b-project-starwars-planets-search/src/context/ThemeContext.js": {"path":"/home/lucas/Documentos/Projetos/Frontend/sd-025-b-project-starwars-planets-search/src/context/ThemeContext.js","statementMap":{"0":{"start":{"line":3,"column":21},"end":{"line":3,"column":36}}},"fnMap":{},"branchMap":{},"s":{"0":2},"f":{},"b":{},"_coverageSchema":"1a1c01bbd47fc00a2c39e90264f33305004495a9","hash":"0e9fcaf1af79b4935672941d767a0e1679278451"}
,"/home/lucas/Documentos/Projetos/Frontend/sd-025-b-project-starwars-planets-search/src/tests/Helpers/Mock.js": {"path":"/home/lucas/Documentos/Projetos/Frontend/sd-025-b-project-starwars-planets-search/src/tests/Helpers/Mock.js","statementMap":{"0":{"start":{"line":1,"column":24},"end":{"line":236,"column":1}},"1":{"start":{"line":238,"column":24},"end":{"line":243,"column":1}}},"fnMap":{},"branchMap":{},"s":{"0":2,"1":2},"f":{},"b":{},"_coverageSchema":"1a1c01bbd47fc00a2c39e90264f33305004495a9","hash":"39b9c0fa2bf667ec8d20e18f2f2b794290faeac8"}
}
