{"total": {"lines":{"total":107,"covered":92,"skipped":0,"pct":85.98},"statements":{"total":128,"covered":105,"skipped":0,"pct":82.03},"functions":{"total":32,"covered":21,"skipped":0,"pct":65.62},"branches":{"total":50,"covered":40,"skipped":0,"pct":80},"branchesTrue":{"total":0,"covered":0,"skipped":0,"pct":100}}
,"/home/lucas/Documentos/Projetos/Frontend/sd-025-b-project-starwars-planets-search/src/App.css": {"lines":{"total":1,"covered":1,"skipped":0,"pct":100},"functions":{"total":0,"covered":0,"skipped":0,"pct":100},"statements":{"total":1,"covered":1,"skipped":0,"pct":100},"branches":{"total":0,"covered":0,"skipped":0,"pct":100}}
,"/home/lucas/Documentos/Projetos/Frontend/sd-025-b-project-starwars-planets-search/src/App.js": {"lines":{"total":15,"covered":15,"skipped":0,"pct":100},"functions":{"total":1,"covered":1,"skipped":0,"pct":100},"statements":{"total":15,"covered":15,"skipped":0,"pct":100},"branches":{"total":0,"covered":0,"skipped":0,"pct":100}}
,"/home/lucas/Documentos/Projetos/Frontend/sd-025-b-project-starwars-planets-search/src/Components/Footer.js": {"lines":{"total":1,"covered":1,"skipped":0,"pct":100},"functions":{"total":1,"covered":1,"skipped":0,"pct":100},"statements":{"total":1,"covered":1,"skipped":0,"pct":100},"branches":{"total":0,"covered":0,"skipped":0,"pct":100}}
,"/home/lucas/Documentos/Projetos/Frontend/sd-025-b-project-starwars-planets-search/src/Components/Header.js": {"lines":{"total":1,"covered":1,"skipped":0,"pct":100},"functions":{"total":1,"covered":1,"skipped":0,"pct":100},"statements":{"total":1,"covered":1,"skipped":0,"pct":100},"branches":{"total":0,"covered":0,"skipped":0,"pct":100}}
,"/home/lucas/Documentos/Projetos/Frontend/sd-025-b-project-starwars-planets-search/src/Components/Order.js": {"lines":{"total":10,"covered":5,"skipped":0,"pct":50},"functions":{"total":6,"covered":1,"skipped":0,"pct":16.66},"statements":{"total":14,"covered":5,"skipped":0,"pct":35.71},"branches":{"total":2,"covered":0,"skipped":0,"pct":0}}
,"/home/lucas/Documentos/Projetos/Frontend/sd-025-b-project-starwars-planets-search/src/Components/Table.js": {"lines":{"total":76,"covered":66,"skipped":0,"pct":86.84},"functions":{"total":23,"covered":17,"skipped":0,"pct":73.91},"statements":{"total":93,"covered":79,"skipped":0,"pct":84.94},"branches":{"total":48,"covered":40,"skipped":0,"pct":83.33}}
,"/home/lucas/Documentos/Projetos/Frontend/sd-025-b-project-starwars-planets-search/src/context/ThemeContext.js": {"lines":{"total":1,"covered":1,"skipped":0,"pct":100},"functions":{"total":0,"covered":0,"skipped":0,"pct":100},"statements":{"total":1,"covered":1,"skipped":0,"pct":100},"branches":{"total":0,"covered":0,"skipped":0,"pct":100}}
,"/home/lucas/Documentos/Projetos/Frontend/sd-025-b-project-starwars-planets-search/src/tests/Helpers/Mock.js": {"lines":{"total":2,"covered":2,"skipped":0,"pct":100},"functions":{"total":0,"covered":0,"skipped":0,"pct":100},"statements":{"total":2,"covered":2,"skipped":0,"pct":100},"branches":{"total":0,"covered":0,"skipped":0,"pct":100}}
}
