TN:
SF:src/App.css
FNF:0
FNH:0
DA:1,2
LF:1
LH:1
BRF:0
BRH:0
end_of_record
TN:
SF:src/App.js
FN:8,App
FNF:1
FNH:1
FNDA:86,App
DA:9,86
DA:10,86
DA:11,86
DA:12,86
DA:13,86
DA:14,86
DA:15,86
DA:16,86
DA:17,86
DA:18,86
DA:19,86
DA:20,86
DA:21,86
DA:22,86
DA:24,86
LF:15
LH:15
BRF:0
BRH:0
end_of_record
TN:
SF:src/Components/Footer.js
FN:3,Footer
FNF:1
FNH:1
FNDA:78,Footer
DA:4,78
LF:1
LH:1
BRF:0
BRH:0
end_of_record
TN:
SF:src/Components/Header.js
FN:3,Header
FNF:1
FNH:1
FNDA:78,Header
DA:4,78
LF:1
LH:1
BRF:0
BRH:0
end_of_record
TN:
SF:src/Components/Order.js
FN:4,Order
FN:155,(anonymous_1)
FN:165,(anonymous_2)
FN:166,(anonymous_3)
FN:183,(anonymous_4)
FN:194,(anonymous_5)
FNF:6
FNH:1
FNDA:78,Order
FNDA:0,(anonymous_1)
FNDA:0,(anonymous_2)
FNDA:0,(anonymous_3)
FNDA:0,(anonymous_4)
FNDA:0,(anonymous_5)
DA:6,78
DA:7,78
DA:8,78
DA:9,78
DA:155,78
DA:156,0
DA:158,78
DA:165,0
DA:166,0
DA:183,0
DA:194,0
LF:11
LH:6
BRDA:156,0,0,0
BRDA:156,0,1,0
BRF:2
BRH:0
end_of_record
TN:
SF:src/Components/Table.js
FN:5,Table
FN:12,(anonymous_1)
FN:14,(anonymous_2)
FN:18,(anonymous_3)
FN:22,(anonymous_4)
FN:27,(anonymous_5)
FN:38,(anonymous_6)
FN:40,(anonymous_7)
FN:41,(anonymous_8)
FN:43,(anonymous_9)
FN:44,(anonymous_10)
FN:46,(anonymous_11)
FN:47,(anonymous_12)
FN:52,(anonymous_13)
FN:64,(anonymous_14)
FN:99,(anonymous_15)
FN:125,(anonymous_16)
FN:126,(anonymous_17)
FN:141,(anonymous_18)
FN:153,(anonymous_19)
FN:159,(anonymous_20)
FN:190,(anonymous_21)
FN:191,(anonymous_22)
FNF:23
FNH:17
FNDA:78,Table
FNDA:15,(anonymous_1)
FNDA:14,(anonymous_2)
FNDA:4,(anonymous_3)
FNDA:10,(anonymous_4)
FNDA:9,(anonymous_5)
FNDA:9,(anonymous_6)
FNDA:0,(anonymous_7)
FNDA:0,(anonymous_8)
FNDA:0,(anonymous_9)
FNDA:0,(anonymous_10)
FNDA:0,(anonymous_11)
FNDA:0,(anonymous_12)
FNDA:1,(anonymous_13)
FNDA:5,(anonymous_14)
FNDA:7,(anonymous_15)
FNDA:9,(anonymous_16)
FNDA:18,(anonymous_17)
FNDA:9,(anonymous_18)
FNDA:26,(anonymous_19)
FNDA:34,(anonymous_20)
FNDA:20,(anonymous_21)
FNDA:12,(anonymous_22)
DA:10,78
DA:12,78
DA:13,15
DA:15,14
DA:16,4
DA:19,4
DA:20,4
DA:23,10
DA:27,78
DA:28,9
DA:29,3
DA:30,6
DA:31,1
DA:32,5
DA:33,2
DA:34,3
DA:35,1
DA:36,9
DA:38,78
DA:39,9
DA:40,4
DA:41,0
DA:42,5
DA:43,4
DA:44,0
DA:46,1
DA:47,0
DA:48,9
DA:49,9
DA:50,9
DA:52,78
DA:53,1
DA:54,1
DA:55,1
DA:56,1
DA:57,1
DA:58,1
DA:59,1
DA:60,1
DA:61,1
DA:62,1
DA:64,78
DA:65,5
DA:66,5
DA:67,5
DA:68,5
DA:69,5
DA:70,5
DA:71,5
DA:72,1
DA:73,4
DA:74,1
DA:75,3
DA:76,1
DA:77,2
DA:78,1
DA:79,1
DA:80,5
DA:81,5
DA:82,0
DA:83,0
DA:84,0
DA:85,0
DA:86,0
DA:87,0
DA:88,0
DA:89,5
DA:91,78
DA:99,7
DA:125,9
DA:126,18
DA:141,9
DA:153,26
DA:160,34
DA:190,20
DA:192,12
LF:76
LH:66
BRDA:15,0,0,10
BRDA:15,0,1,4
BRDA:28,1,0,3
BRDA:28,1,1,6
BRDA:30,2,0,1
BRDA:30,2,1,5
BRDA:32,3,0,2
BRDA:32,3,1,3
BRDA:34,4,0,1
BRDA:34,4,1,2
BRDA:39,5,0,4
BRDA:39,5,1,5
BRDA:40,6,0,4
BRDA:40,6,1,4
BRDA:42,7,0,4
BRDA:42,7,1,1
BRDA:43,8,0,4
BRDA:43,8,1,2
BRDA:46,9,0,1
BRDA:46,9,1,1
BRDA:50,10,0,2
BRDA:50,10,1,7
BRDA:70,11,0,0
BRDA:70,11,1,5
BRDA:71,12,0,1
BRDA:71,12,1,4
BRDA:73,13,0,1
BRDA:73,13,1,3
BRDA:75,14,0,1
BRDA:75,14,1,2
BRDA:77,15,0,1
BRDA:77,15,1,1
BRDA:80,16,0,5
BRDA:80,16,1,0
BRDA:82,17,0,0
BRDA:82,17,1,0
BRDA:84,18,0,0
BRDA:84,18,1,0
BRDA:86,19,0,0
BRDA:86,19,1,0
BRDA:159,20,0,31
BRDA:159,20,1,47
BRDA:169,21,0,45
BRDA:169,21,1,33
BRDA:189,22,0,45
BRDA:189,22,1,33
BRDA:190,23,0,33
BRDA:190,23,1,1
BRF:48
BRH:40
end_of_record
TN:
SF:src/context/ThemeContext.js
FNF:0
FNH:0
DA:3,2
LF:1
LH:1
BRF:0
BRH:0
end_of_record
TN:
SF:src/tests/Helpers/Mock.js
FNF:0
FNH:0
DA:1,2
DA:238,2
LF:2
LH:2
BRF:0
BRH:0
end_of_record
